Hmm ... looks like a package

This is pdfTeX, Version 3.1415926-2.5-1.40.14 (TeX Live 2013)
 restricted \write18 enabled.
entering extended mode
(./Rd2.tex
LaTeX2e <2011/06/27>
Babel <3.9f> and hyphenation patterns for 54 languages loaded.

(/sscc/opt/texlive/2013/texmf-dist/tex/latex/base/book.cls
Document Class: book 2007/10/19 v1.4h Standard LaTeX document class
(/sscc/opt/texlive/2013/texmf-dist/tex/latex/base/bk10.clo))
(/sscc/opt/R-3.1.0/lib64/R/share/texmf/tex/latex/Rd.sty
(/sscc/opt/texlive/2013/texmf-dist/tex/latex/base/ifthen.sty)
(/sscc/opt/texlive/2013/texmf-dist/tex/latex/tools/longtable.sty)
(/sscc/opt/texlive/2013/texmf-dist/tex/latex/tools/bm.sty)
(/sscc/opt/texlive/2013/texmf-dist/tex/latex/base/alltt.sty)
(/sscc/opt/texlive/2013/texmf-dist/tex/latex/tools/verbatim.sty)
(/sscc/opt/texlive/2013/texmf-dist/tex/latex/url/url.sty)
(/sscc/opt/texlive/2013/texmf-dist/tex/latex/base/textcomp.sty
(/sscc/opt/texlive/2013/texmf-dist/tex/latex/base/ts1enc.def))
(/sscc/opt/texlive/2013/texmf-dist/tex/latex/base/fontenc.sty
(/sscc/opt/texlive/2013/texmf-dist/tex/latex/base/t1enc.def))
(/sscc/opt/texlive/2013/texmf-dist/tex/latex/psnfss/times.sty)
(/sscc/opt/texlive/2013/texmf-dist/tex/latex/inconsolata/inconsolata.sty
(/sscc/opt/texlive/2013/texmf-dist/tex/latex/graphics/keyval.sty))
(/sscc/opt/texlive/2013/texmf-dist/tex/latex/graphics/color.sty
(/sscc/opt/texlive/2013/texmf-dist/tex/latex/latexconfig/color.cfg)
(/sscc/opt/texlive/2013/texmf-dist/tex/latex/pdftex-def/pdftex.def
(/sscc/opt/texlive/2013/texmf-dist/tex/generic/oberdiek/infwarerr.sty)
(/sscc/opt/texlive/2013/texmf-dist/tex/generic/oberdiek/ltxcmds.sty)))
(/sscc/opt/texlive/2013/texmf-dist/tex/latex/hyperref/hyperref.sty
(/sscc/opt/texlive/2013/texmf-dist/tex/generic/oberdiek/hobsub-hyperref.sty
(/sscc/opt/texlive/2013/texmf-dist/tex/generic/oberdiek/hobsub-generic.sty))
(/sscc/opt/texlive/2013/texmf-dist/tex/generic/ifxetex/ifxetex.sty)
(/sscc/opt/texlive/2013/texmf-dist/tex/latex/oberdiek/auxhook.sty)
(/sscc/opt/texlive/2013/texmf-dist/tex/latex/oberdiek/kvoptions.sty)
(/sscc/opt/texlive/2013/texmf-dist/tex/latex/hyperref/pd1enc.def)
(/sscc/opt/texlive/2013/texmf-dist/tex/latex/latexconfig/hyperref.cfg))

Package hyperref Message: Driver (autodetected): hpdftex.

(/sscc/opt/texlive/2013/texmf-dist/tex/latex/hyperref/hpdftex.def
(/sscc/opt/texlive/2013/texmf-dist/tex/latex/oberdiek/rerunfilecheck.sty))

Package hyperref Warning: Option `hyperindex' has already been used,
(hyperref)                setting the option has no effect on input line 361.


Package hyperref Warning: Option `pagebackref' has already been used,
(hyperref)                setting the option has no effect on input line 361.

) (/sscc/opt/texlive/2013/texmf-dist/tex/latex/base/makeidx.sty)
(/sscc/opt/texlive/2013/texmf-dist/tex/latex/base/inputenc.sty
(/sscc/opt/texlive/2013/texmf-dist/tex/latex/base/utf8.def
(/sscc/opt/texlive/2013/texmf-dist/tex/latex/base/t1enc.dfu)
(/sscc/opt/texlive/2013/texmf-dist/tex/latex/base/ot1enc.dfu)
(/sscc/opt/texlive/2013/texmf-dist/tex/latex/base/omsenc.dfu)
(/sscc/opt/texlive/2013/texmf-dist/tex/latex/base/ts1enc.dfu))
(/sscc/opt/texlive/2013/texmf-dist/tex/latex/base/latin1.def))
Writing index file Rd2.idx
No file Rd2.aux.
(/sscc/opt/texlive/2013/texmf-dist/tex/latex/base/ts1cmr.fd)
(/sscc/opt/texlive/2013/texmf-dist/tex/latex/psnfss/t1ptm.fd)
(/sscc/opt/texlive/2013/texmf-dist/tex/context/base/supp-pdf.mkii
[Loading MPS to PDF converter (version 2006.09.02).]
) (/sscc/opt/texlive/2013/texmf-dist/tex/latex/hyperref/nameref.sty
(/sscc/opt/texlive/2013/texmf-dist/tex/generic/oberdiek/gettitlestring.sty))
(/sscc/opt/texlive/2013/texmf-dist/tex/latex/inconsolata/t1fi4.fd)
(/sscc/opt/texlive/2013/texmf-dist/tex/latex/psnfss/t1phv.fd)
(/sscc/opt/texlive/2013/texmf-dist/tex/latex/base/utf8.def)
Underfull \vbox (badness 10000) has occurred while \output is active [1{/sscc/o
pt/texlive/2013/texmf-var/fonts/map/pdftex/updmap/pdftex.map}]
(/sscc/opt/texlive/2013/texmf-dist/tex/latex/base/utf8.def)
No file Rd2.ind.
[2] (./Rd2.aux)

Package rerunfilecheck Warning: File `Rd2.out' has changed.
(rerunfilecheck)                Rerun to get outlines right
(rerunfilecheck)                or use package `bookmark'.

 )
(see the transcript file for additional information){/sscc/opt/texlive/2013/tex
mf-dist/fonts/enc/dvips/base/8r.enc}{/sscc/opt/texlive/2013/texmf-dist/fonts/en
c/dvips/inconsolata/fi4-ec.enc}</sscc/opt/texlive/2013/texmf-dist/fonts/type1/p
ublic/inconsolata/Inconsolata.pfb></sscc/opt/texlive/2013/texmf-dist/fonts/type
1/urw/helvetic/uhvr8a.pfb></sscc/opt/texlive/2013/texmf-dist/fonts/type1/urw/ti
mes/utmb8a.pfb></sscc/opt/texlive/2013/texmf-dist/fonts/type1/urw/times/utmr8a.
pfb></sscc/opt/texlive/2013/texmf-dist/fonts/type1/urw/times/utmr8a.pfb></sscc/
opt/texlive/2013/texmf-dist/fonts/type1/urw/times/utmri8a.pfb>
Output written on Rd2.pdf (2 pages, 59403 bytes).
Transcript written on Rd2.log.
This is makeindex, version 2.15 [TeX Live 2013] (kpathsea + Thai support).
Scanning input file Rd2.idx....done (3 entries accepted, 0 rejected).
Sorting entries....done (4 comparisons).
Generating output file Rd2.ind....done (11 lines written, 0 warnings).
Output written in Rd2.ind.
Transcript written in Rd2.ilg.
This is pdfTeX, Version 3.1415926-2.5-1.40.14 (TeX Live 2013)
 restricted \write18 enabled.
entering extended mode
(./Rd2.tex
LaTeX2e <2011/06/27>
Babel <3.9f> and hyphenation patterns for 54 languages loaded.

(/sscc/opt/texlive/2013/texmf-dist/tex/latex/base/book.cls
Document Class: book 2007/10/19 v1.4h Standard LaTeX document class
(/sscc/opt/texlive/2013/texmf-dist/tex/latex/base/bk10.clo))
(/sscc/opt/R-3.1.0/lib64/R/share/texmf/tex/latex/Rd.sty
(/sscc/opt/texlive/2013/texmf-dist/tex/latex/base/ifthen.sty)
(/sscc/opt/texlive/2013/texmf-dist/tex/latex/tools/longtable.sty)
(/sscc/opt/texlive/2013/texmf-dist/tex/latex/tools/bm.sty)
(/sscc/opt/texlive/2013/texmf-dist/tex/latex/base/alltt.sty)
(/sscc/opt/texlive/2013/texmf-dist/tex/latex/tools/verbatim.sty)
(/sscc/opt/texlive/2013/texmf-dist/tex/latex/url/url.sty)
(/sscc/opt/texlive/2013/texmf-dist/tex/latex/base/textcomp.sty
(/sscc/opt/texlive/2013/texmf-dist/tex/latex/base/ts1enc.def))
(/sscc/opt/texlive/2013/texmf-dist/tex/latex/base/fontenc.sty
(/sscc/opt/texlive/2013/texmf-dist/tex/latex/base/t1enc.def))
(/sscc/opt/texlive/2013/texmf-dist/tex/latex/psnfss/times.sty)
(/sscc/opt/texlive/2013/texmf-dist/tex/latex/inconsolata/inconsolata.sty
(/sscc/opt/texlive/2013/texmf-dist/tex/latex/graphics/keyval.sty))
(/sscc/opt/texlive/2013/texmf-dist/tex/latex/graphics/color.sty
(/sscc/opt/texlive/2013/texmf-dist/tex/latex/latexconfig/color.cfg)
(/sscc/opt/texlive/2013/texmf-dist/tex/latex/pdftex-def/pdftex.def
(/sscc/opt/texlive/2013/texmf-dist/tex/generic/oberdiek/infwarerr.sty)
(/sscc/opt/texlive/2013/texmf-dist/tex/generic/oberdiek/ltxcmds.sty)))
(/sscc/opt/texlive/2013/texmf-dist/tex/latex/hyperref/hyperref.sty
(/sscc/opt/texlive/2013/texmf-dist/tex/generic/oberdiek/hobsub-hyperref.sty
(/sscc/opt/texlive/2013/texmf-dist/tex/generic/oberdiek/hobsub-generic.sty))
(/sscc/opt/texlive/2013/texmf-dist/tex/generic/ifxetex/ifxetex.sty)
(/sscc/opt/texlive/2013/texmf-dist/tex/latex/oberdiek/auxhook.sty)
(/sscc/opt/texlive/2013/texmf-dist/tex/latex/oberdiek/kvoptions.sty)
(/sscc/opt/texlive/2013/texmf-dist/tex/latex/hyperref/pd1enc.def)
(/sscc/opt/texlive/2013/texmf-dist/tex/latex/latexconfig/hyperref.cfg))

Package hyperref Message: Driver (autodetected): hpdftex.

(/sscc/opt/texlive/2013/texmf-dist/tex/latex/hyperref/hpdftex.def
(/sscc/opt/texlive/2013/texmf-dist/tex/latex/oberdiek/rerunfilecheck.sty))

Package hyperref Warning: Option `hyperindex' has already been used,
(hyperref)                setting the option has no effect on input line 361.


Package hyperref Warning: Option `pagebackref' has already been used,
(hyperref)                setting the option has no effect on input line 361.

) (/sscc/opt/texlive/2013/texmf-dist/tex/latex/base/makeidx.sty)
(/sscc/opt/texlive/2013/texmf-dist/tex/latex/base/inputenc.sty
(/sscc/opt/texlive/2013/texmf-dist/tex/latex/base/utf8.def
(/sscc/opt/texlive/2013/texmf-dist/tex/latex/base/t1enc.dfu)
(/sscc/opt/texlive/2013/texmf-dist/tex/latex/base/ot1enc.dfu)
(/sscc/opt/texlive/2013/texmf-dist/tex/latex/base/omsenc.dfu)
(/sscc/opt/texlive/2013/texmf-dist/tex/latex/base/ts1enc.dfu))
(/sscc/opt/texlive/2013/texmf-dist/tex/latex/base/latin1.def))
Writing index file Rd2.idx
(./Rd2.aux) (/sscc/opt/texlive/2013/texmf-dist/tex/latex/base/ts1cmr.fd)
(/sscc/opt/texlive/2013/texmf-dist/tex/latex/psnfss/t1ptm.fd)
(/sscc/opt/texlive/2013/texmf-dist/tex/context/base/supp-pdf.mkii
[Loading MPS to PDF converter (version 2006.09.02).]
) (/sscc/opt/texlive/2013/texmf-dist/tex/latex/hyperref/nameref.sty
(/sscc/opt/texlive/2013/texmf-dist/tex/generic/oberdiek/gettitlestring.sty))
(./Rd2.out) (./Rd2.out)
(/sscc/opt/texlive/2013/texmf-dist/tex/latex/inconsolata/t1fi4.fd)
(/sscc/opt/texlive/2013/texmf-dist/tex/latex/psnfss/t1phv.fd) (./Rd2.toc)
(/sscc/opt/texlive/2013/texmf-dist/tex/latex/base/utf8.def)
Overfull \vbox (16.45192pt too high) has occurred while \output is active
[1{/sscc/opt/texlive/2013/texmf-var/fonts/map/pdftex/updmap/pdftex.map}]
(/sscc/opt/texlive/2013/texmf-dist/tex/latex/base/utf8.def) (./Rd2.ind [2]

LaTeX Font Warning: Font shape `T1/fi4/m/it' undefined
(Font)              using `T1/fi4/m/n' instead on input line 4.

[3]) (./Rd2.aux)

Package rerunfilecheck Warning: File `Rd2.out' has changed.
(rerunfilecheck)                Rerun to get outlines right
(rerunfilecheck)                or use package `bookmark'.


LaTeX Font Warning: Some font shapes were not available, defaults substituted.

 )
(see the transcript file for additional information){/sscc/opt/texlive/2013/tex
mf-dist/fonts/enc/dvips/base/8r.enc}{/sscc/opt/texlive/2013/texmf-dist/fonts/en
c/dvips/inconsolata/fi4-ec.enc}</sscc/opt/texlive/2013/texmf-dist/fonts/type1/p
ublic/inconsolata/Inconsolata.pfb></sscc/opt/texlive/2013/texmf-dist/fonts/type
1/urw/helvetic/uhvr8a.pfb></sscc/opt/texlive/2013/texmf-dist/fonts/type1/urw/ti
mes/utmb8a.pfb></sscc/opt/texlive/2013/texmf-dist/fonts/type1/urw/times/utmr8a.
pfb></sscc/opt/texlive/2013/texmf-dist/fonts/type1/urw/times/utmr8a.pfb></sscc/
opt/texlive/2013/texmf-dist/fonts/type1/urw/times/utmri8a.pfb>
Output written on Rd2.pdf (3 pages, 60926 bytes).
Transcript written on Rd2.log.
This is makeindex, version 2.15 [TeX Live 2013] (kpathsea + Thai support).
Scanning input file Rd2.idx....done (3 entries accepted, 0 rejected).
Sorting entries....done (4 comparisons).
Generating output file Rd2.ind....done (11 lines written, 0 warnings).
Output written in Rd2.ind.
Transcript written in Rd2.ilg.
This is pdfTeX, Version 3.1415926-2.5-1.40.14 (TeX Live 2013)
 restricted \write18 enabled.
entering extended mode
(./Rd2.tex
LaTeX2e <2011/06/27>
Babel <3.9f> and hyphenation patterns for 54 languages loaded.

(/sscc/opt/texlive/2013/texmf-dist/tex/latex/base/book.cls
Document Class: book 2007/10/19 v1.4h Standard LaTeX document class
(/sscc/opt/texlive/2013/texmf-dist/tex/latex/base/bk10.clo))
(/sscc/opt/R-3.1.0/lib64/R/share/texmf/tex/latex/Rd.sty
(/sscc/opt/texlive/2013/texmf-dist/tex/latex/base/ifthen.sty)
(/sscc/opt/texlive/2013/texmf-dist/tex/latex/tools/longtable.sty)
(/sscc/opt/texlive/2013/texmf-dist/tex/latex/tools/bm.sty)
(/sscc/opt/texlive/2013/texmf-dist/tex/latex/base/alltt.sty)
(/sscc/opt/texlive/2013/texmf-dist/tex/latex/tools/verbatim.sty)
(/sscc/opt/texlive/2013/texmf-dist/tex/latex/url/url.sty)
(/sscc/opt/texlive/2013/texmf-dist/tex/latex/base/textcomp.sty
(/sscc/opt/texlive/2013/texmf-dist/tex/latex/base/ts1enc.def))
(/sscc/opt/texlive/2013/texmf-dist/tex/latex/base/fontenc.sty
(/sscc/opt/texlive/2013/texmf-dist/tex/latex/base/t1enc.def))
(/sscc/opt/texlive/2013/texmf-dist/tex/latex/psnfss/times.sty)
(/sscc/opt/texlive/2013/texmf-dist/tex/latex/inconsolata/inconsolata.sty
(/sscc/opt/texlive/2013/texmf-dist/tex/latex/graphics/keyval.sty))
(/sscc/opt/texlive/2013/texmf-dist/tex/latex/graphics/color.sty
(/sscc/opt/texlive/2013/texmf-dist/tex/latex/latexconfig/color.cfg)
(/sscc/opt/texlive/2013/texmf-dist/tex/latex/pdftex-def/pdftex.def
(/sscc/opt/texlive/2013/texmf-dist/tex/generic/oberdiek/infwarerr.sty)
(/sscc/opt/texlive/2013/texmf-dist/tex/generic/oberdiek/ltxcmds.sty)))
(/sscc/opt/texlive/2013/texmf-dist/tex/latex/hyperref/hyperref.sty
(/sscc/opt/texlive/2013/texmf-dist/tex/generic/oberdiek/hobsub-hyperref.sty
(/sscc/opt/texlive/2013/texmf-dist/tex/generic/oberdiek/hobsub-generic.sty))
(/sscc/opt/texlive/2013/texmf-dist/tex/generic/ifxetex/ifxetex.sty)
(/sscc/opt/texlive/2013/texmf-dist/tex/latex/oberdiek/auxhook.sty)
(/sscc/opt/texlive/2013/texmf-dist/tex/latex/oberdiek/kvoptions.sty)
(/sscc/opt/texlive/2013/texmf-dist/tex/latex/hyperref/pd1enc.def)
(/sscc/opt/texlive/2013/texmf-dist/tex/latex/latexconfig/hyperref.cfg))

Package hyperref Message: Driver (autodetected): hpdftex.

(/sscc/opt/texlive/2013/texmf-dist/tex/latex/hyperref/hpdftex.def
(/sscc/opt/texlive/2013/texmf-dist/tex/latex/oberdiek/rerunfilecheck.sty))

Package hyperref Warning: Option `hyperindex' has already been used,
(hyperref)                setting the option has no effect on input line 361.


Package hyperref Warning: Option `pagebackref' has already been used,
(hyperref)                setting the option has no effect on input line 361.

) (/sscc/opt/texlive/2013/texmf-dist/tex/latex/base/makeidx.sty)
(/sscc/opt/texlive/2013/texmf-dist/tex/latex/base/inputenc.sty
(/sscc/opt/texlive/2013/texmf-dist/tex/latex/base/utf8.def
(/sscc/opt/texlive/2013/texmf-dist/tex/latex/base/t1enc.dfu)
(/sscc/opt/texlive/2013/texmf-dist/tex/latex/base/ot1enc.dfu)
(/sscc/opt/texlive/2013/texmf-dist/tex/latex/base/omsenc.dfu)
(/sscc/opt/texlive/2013/texmf-dist/tex/latex/base/ts1enc.dfu))
(/sscc/opt/texlive/2013/texmf-dist/tex/latex/base/latin1.def))
Writing index file Rd2.idx
(./Rd2.aux) (/sscc/opt/texlive/2013/texmf-dist/tex/latex/base/ts1cmr.fd)
(/sscc/opt/texlive/2013/texmf-dist/tex/latex/psnfss/t1ptm.fd)
(/sscc/opt/texlive/2013/texmf-dist/tex/context/base/supp-pdf.mkii
[Loading MPS to PDF converter (version 2006.09.02).]
) (/sscc/opt/texlive/2013/texmf-dist/tex/latex/hyperref/nameref.sty
(/sscc/opt/texlive/2013/texmf-dist/tex/generic/oberdiek/gettitlestring.sty))
(./Rd2.out) (./Rd2.out)
(/sscc/opt/texlive/2013/texmf-dist/tex/latex/inconsolata/t1fi4.fd)
(/sscc/opt/texlive/2013/texmf-dist/tex/latex/psnfss/t1phv.fd) (./Rd2.toc)
(/sscc/opt/texlive/2013/texmf-dist/tex/latex/base/utf8.def)
Overfull \vbox (38.45192pt too high) has occurred while \output is active
[1{/sscc/opt/texlive/2013/texmf-var/fonts/map/pdftex/updmap/pdftex.map}]
(/sscc/opt/texlive/2013/texmf-dist/tex/latex/base/utf8.def) (./Rd2.ind [2]

LaTeX Font Warning: Font shape `T1/fi4/m/it' undefined
(Font)              using `T1/fi4/m/n' instead on input line 4.

[3]) (./Rd2.aux)

LaTeX Font Warning: Some font shapes were not available, defaults substituted.

 )
(see the transcript file for additional information){/sscc/opt/texlive/2013/tex
mf-dist/fonts/enc/dvips/base/8r.enc}{/sscc/opt/texlive/2013/texmf-dist/fonts/en
c/dvips/inconsolata/fi4-ec.enc}</sscc/opt/texlive/2013/texmf-dist/fonts/type1/p
ublic/inconsolata/Inconsolata.pfb></sscc/opt/texlive/2013/texmf-dist/fonts/type
1/urw/helvetic/uhvr8a.pfb></sscc/opt/texlive/2013/texmf-dist/fonts/type1/urw/ti
mes/utmb8a.pfb></sscc/opt/texlive/2013/texmf-dist/fonts/type1/urw/times/utmr8a.
pfb></sscc/opt/texlive/2013/texmf-dist/fonts/type1/urw/times/utmr8a.pfb></sscc/
opt/texlive/2013/texmf-dist/fonts/type1/urw/times/utmri8a.pfb>
Output written on Rd2.pdf (3 pages, 61021 bytes).
Transcript written on Rd2.log.
Saving output to 'KleynSTAT344-manual.pdf' ...
Done
You may want to clean up by 'rm -rf /tmp/ajk338/RtmptnEiZ3/Rd2pdf6738428a348a'
